{"level":"DEBUG","time":"2021-11-28T10:51:38.090+0800","caller":"application/main.go:34","msg":"调试信息:8000"}
{"level":"INFO","time":"2021-11-28T10:51:38.101+0800","caller":"application/main.go:38","msg":"服务端启动...端口：8000"}
{"level":"ERROR","time":"2021-11-28T10:51:38.101+0800","caller":"database/mysql.go:24","msg":"database connection fail: sql: unknown driver \"mysql\" (forgotten import?)"}
{"level":"DEBUG","time":"2021-11-28T10:57:17.485+0800","caller":"application/main.go:34","msg":"调试信息:8000"}
{"level":"INFO","time":"2021-11-28T10:57:17.496+0800","caller":"application/main.go:38","msg":"服务端启动...端口：8000"}
{"level":"DEBUG","time":"2021-11-28T11:29:09.062+0800","caller":"application/main.go:35","msg":"调试信息:8000"}
{"level":"INFO","time":"2021-11-28T11:29:09.071+0800","caller":"application/main.go:39","msg":"服务端启动...端口：8000"}
{"level":"DEBUG","time":"2021-11-28T11:48:32.111+0800","caller":"application/main.go:35","msg":"调试信息:8000"}
{"level":"INFO","time":"2021-11-28T11:48:32.129+0800","caller":"application/main.go:39","msg":"服务端启动...端口：8000"}
{"level":"INFO","time":"2021-11-28T11:49:13.104+0800","caller":"middleware/logger.go:26","msg":"/api/user{status 11 201  <nil>} {method 15 0 POST <nil>} {path 15 0 /api/user <nil>} {query 15 0  <nil>} {ip 15 0 127.0.0.1 <nil>} {user-agent 15 0 PostmanRuntime/7.26.8 <nil>} {errors 15 0  <nil>} {cost 8 13639100  <nil>}"}
{"level":"INFO","time":"2021-11-28T12:07:24.689+0800","caller":"middleware/logger.go:26","msg":"/api/user/authenticate{status 11 200  <nil>} {method 15 0 GET <nil>} {path 15 0 /api/user/authenticate <nil>} {query 15 0  <nil>} {ip 15 0 127.0.0.1 <nil>} {user-agent 15 0 Mozilla/5.0 (Windows NT 10.0; Win64; x64) AppleWebKit/537.36 (KHTML, like Gecko) Chrome/96.0.4664.45 Safari/537.36 <nil>} {errors 15 0  <nil>} {cost 8 0  <nil>}"}
{"level":"INFO","time":"2021-11-28T12:07:26.366+0800","caller":"middleware/logger.go:26","msg":"/favicon.ico{status 11 404  <nil>} {method 15 0 GET <nil>} {path 15 0 /favicon.ico <nil>} {query 15 0  <nil>} {ip 15 0 127.0.0.1 <nil>} {user-agent 15 0 Mozilla/5.0 (Windows NT 10.0; Win64; x64) AppleWebKit/537.36 (KHTML, like Gecko) Chrome/96.0.4664.45 Safari/537.36 <nil>} {errors 15 0  <nil>} {cost 8 0  <nil>}"}
{"level":"INFO","time":"2021-11-28T12:07:31.116+0800","caller":"middleware/logger.go:26","msg":"/api/user/authenticate{status 11 200  <nil>} {method 15 0 GET <nil>} {path 15 0 /api/user/authenticate <nil>} {query 15 0  <nil>} {ip 15 0 127.0.0.1 <nil>} {user-agent 15 0 Mozilla/5.0 (Windows NT 10.0; Win64; x64) AppleWebKit/537.36 (KHTML, like Gecko) Chrome/96.0.4664.45 Safari/537.36 <nil>} {errors 15 0  <nil>} {cost 8 0  <nil>}"}
{"level":"DEBUG","time":"2021-11-28T12:07:39.204+0800","caller":"application/main.go:35","msg":"调试信息:8000"}
{"level":"INFO","time":"2021-11-28T12:07:39.213+0800","caller":"application/main.go:39","msg":"服务端启动...端口：8000"}
{"level":"ERROR","time":"2021-11-28T12:07:39.229+0800","caller":"database/mysql.go:25","msg":"database connection fail: Error 1045: Access denied for user 'urils_user'@'172.21.0.1' (using password: YES)"}
{"level":"DEBUG","time":"2021-11-28T12:08:32.133+0800","caller":"application/main.go:35","msg":"调试信息:8000"}
{"level":"INFO","time":"2021-11-28T12:08:32.143+0800","caller":"application/main.go:39","msg":"服务端启动...端口：8000"}
{"level":"INFO","time":"2021-11-28T12:08:35.139+0800","caller":"middleware/logger.go:26","msg":"/api/user/authenticate{status 11 200  <nil>} {method 15 0 GET <nil>} {path 15 0 /api/user/authenticate <nil>} {query 15 0  <nil>} {ip 15 0 127.0.0.1 <nil>} {user-agent 15 0 Mozilla/5.0 (Windows NT 10.0; Win64; x64) AppleWebKit/537.36 (KHTML, like Gecko) Chrome/96.0.4664.45 Safari/537.36 <nil>} {errors 15 0  <nil>} {cost 8 7653000  <nil>}"}
{"level":"DEBUG","time":"2021-11-28T12:08:58.883+0800","caller":"application/main.go:35","msg":"调试信息:8000"}
{"level":"INFO","time":"2021-11-28T12:08:58.896+0800","caller":"application/main.go:39","msg":"服务端启动...端口：8000"}
{"level":"INFO","time":"2021-11-28T12:09:04.565+0800","caller":"middleware/logger.go:26","msg":"/api/user/authenticate{status 11 200  <nil>} {method 15 0 GET <nil>} {path 15 0 /api/user/authenticate <nil>} {query 15 0  <nil>} {ip 15 0 127.0.0.1 <nil>} {user-agent 15 0 Mozilla/5.0 (Windows NT 10.0; Win64; x64) AppleWebKit/537.36 (KHTML, like Gecko) Chrome/96.0.4664.45 Safari/537.36 <nil>} {errors 15 0  <nil>} {cost 8 7711900  <nil>}"}
{"level":"INFO","time":"2021-11-28T12:09:04.796+0800","caller":"middleware/logger.go:26","msg":"/api/user/authenticate{status 11 200  <nil>} {method 15 0 GET <nil>} {path 15 0 /api/user/authenticate <nil>} {query 15 0  <nil>} {ip 15 0 127.0.0.1 <nil>} {user-agent 15 0 Mozilla/5.0 (Windows NT 10.0; Win64; x64) AppleWebKit/537.36 (KHTML, like Gecko) Chrome/96.0.4664.45 Safari/537.36 <nil>} {errors 15 0  <nil>} {cost 8 4835900  <nil>}"}
{"level":"INFO","time":"2021-11-28T12:09:04.928+0800","caller":"middleware/logger.go:26","msg":"/api/user/authenticate{status 11 200  <nil>} {method 15 0 GET <nil>} {path 15 0 /api/user/authenticate <nil>} {query 15 0  <nil>} {ip 15 0 127.0.0.1 <nil>} {user-agent 15 0 Mozilla/5.0 (Windows NT 10.0; Win64; x64) AppleWebKit/537.36 (KHTML, like Gecko) Chrome/96.0.4664.45 Safari/537.36 <nil>} {errors 15 0  <nil>} {cost 8 7601900  <nil>}"}
{"level":"DEBUG","time":"2021-11-28T12:45:49.483+0800","caller":"application/main.go:35","msg":"调试信息:8000"}
{"level":"INFO","time":"2021-11-28T12:45:49.489+0800","caller":"application/main.go:39","msg":"服务端启动...端口：8000"}
{"level":"DEBUG","time":"2021-11-28T12:45:50.363+0800","caller":"application/main.go:35","msg":"调试信息:8000"}
{"level":"INFO","time":"2021-11-28T12:45:50.370+0800","caller":"application/main.go:39","msg":"服务端启动...端口：8000"}
{"level":"DEBUG","time":"2021-11-28T13:05:51.620+0800","caller":"application/main.go:35","msg":"调试信息:8000"}
{"level":"INFO","time":"2021-11-28T13:05:51.626+0800","caller":"application/main.go:39","msg":"服务端启动...端口：8000"}
{"level":"DEBUG","time":"2021-11-28T13:05:52.474+0800","caller":"application/main.go:35","msg":"调试信息:8000"}
{"level":"INFO","time":"2021-11-28T13:05:52.480+0800","caller":"application/main.go:39","msg":"服务端启动...端口：8000"}
{"level":"DEBUG","time":"2021-11-28T13:05:53.316+0800","caller":"application/main.go:35","msg":"调试信息:8000"}
{"level":"INFO","time":"2021-11-28T13:05:53.323+0800","caller":"application/main.go:39","msg":"服务端启动...端口：8000"}
{"level":"INFO","time":"2021-11-28T13:05:57.699+0800","caller":"middleware/logger.go:26","msg":"/api/user/authenticate{status 11 200  <nil>} {method 15 0 GET <nil>} {path 15 0 /api/user/authenticate <nil>} {query 15 0  <nil>} {ip 15 0 127.0.0.1 <nil>} {user-agent 15 0 Mozilla/5.0 (Windows NT 10.0; Win64; x64) AppleWebKit/537.36 (KHTML, like Gecko) Chrome/96.0.4664.45 Safari/537.36 <nil>} {errors 15 0  <nil>} {cost 8 5138400  <nil>}"}
{"level":"DEBUG","time":"2021-11-28T14:48:52.398+0800","caller":"application/main.go:35","msg":"调试信息:8000"}
{"level":"INFO","time":"2021-11-28T14:48:52.406+0800","caller":"application/main.go:39","msg":"服务端启动...端口：8000"}
{"level":"DEBUG","time":"2021-11-28T14:50:39.316+0800","caller":"application/main.go:35","msg":"调试信息:8000"}
{"level":"INFO","time":"2021-11-28T14:50:39.323+0800","caller":"application/main.go:39","msg":"服务端启动...端口：8000"}
{"level":"DEBUG","time":"2021-11-28T14:50:49.511+0800","caller":"application/main.go:35","msg":"调试信息:8000"}
{"level":"INFO","time":"2021-11-28T14:50:49.522+0800","caller":"application/main.go:39","msg":"服务端启动...端口：8000"}
{"level":"DEBUG","time":"2021-11-28T14:50:58.228+0800","caller":"application/main.go:35","msg":"调试信息:8000"}
{"level":"INFO","time":"2021-11-28T14:50:58.249+0800","caller":"application/main.go:39","msg":"服务端启动...端口：8000"}
{"level":"INFO","time":"2021-11-28T14:51:02.647+0800","caller":"middleware/logger.go:26","msg":"/api/user/authenticate{status 11 200  <nil>} {method 15 0 GET <nil>} {path 15 0 /api/user/authenticate <nil>} {query 15 0  <nil>} {ip 15 0 127.0.0.1 <nil>} {user-agent 15 0 Mozilla/5.0 (Windows NT 10.0; Win64; x64) AppleWebKit/537.36 (KHTML, like Gecko) Chrome/96.0.4664.45 Safari/537.36 <nil>} {errors 15 0  <nil>} {cost 8 0  <nil>}"}
{"level":"INFO","time":"2021-11-28T14:51:03.639+0800","caller":"middleware/logger.go:26","msg":"/favicon.ico{status 11 404  <nil>} {method 15 0 GET <nil>} {path 15 0 /favicon.ico <nil>} {query 15 0  <nil>} {ip 15 0 127.0.0.1 <nil>} {user-agent 15 0 Mozilla/5.0 (Windows NT 10.0; Win64; x64) AppleWebKit/537.36 (KHTML, like Gecko) Chrome/96.0.4664.45 Safari/537.36 <nil>} {errors 15 0  <nil>} {cost 8 0  <nil>}"}
{"level":"DEBUG","time":"2021-11-28T14:51:18.641+0800","caller":"application/main.go:35","msg":"调试信息:8000"}
{"level":"INFO","time":"2021-11-28T14:51:18.650+0800","caller":"application/main.go:39","msg":"服务端启动...端口：8000"}
{"level":"INFO","time":"2021-11-28T14:51:19.429+0800","caller":"middleware/logger.go:26","msg":"/api/user/authenticate{status 11 200  <nil>} {method 15 0 GET <nil>} {path 15 0 /api/user/authenticate <nil>} {query 15 0  <nil>} {ip 15 0 127.0.0.1 <nil>} {user-agent 15 0 Mozilla/5.0 (Windows NT 10.0; Win64; x64) AppleWebKit/537.36 (KHTML, like Gecko) Chrome/96.0.4664.45 Safari/537.36 <nil>} {errors 15 0  <nil>} {cost 8 0  <nil>}"}
{"level":"DEBUG","time":"2021-11-28T14:51:31.410+0800","caller":"application/main.go:35","msg":"调试信息:8000"}
{"level":"INFO","time":"2021-11-28T14:51:31.421+0800","caller":"application/main.go:39","msg":"服务端启动...端口：8000"}
{"level":"DEBUG","time":"2021-11-28T14:53:13.484+0800","caller":"application/main.go:35","msg":"调试信息:8000"}
{"level":"INFO","time":"2021-11-28T14:53:13.492+0800","caller":"application/main.go:39","msg":"服务端启动...端口：8000"}
{"level":"DEBUG","time":"2021-11-28T14:53:26.131+0800","caller":"application/main.go:35","msg":"调试信息:8000"}
{"level":"INFO","time":"2021-11-28T14:53:26.139+0800","caller":"application/main.go:39","msg":"服务端启动...端口：8000"}
{"level":"DEBUG","time":"2021-11-28T14:53:45.603+0800","caller":"application/main.go:35","msg":"调试信息:8000"}
{"level":"INFO","time":"2021-11-28T14:53:45.611+0800","caller":"application/main.go:39","msg":"服务端启动...端口：8000"}
{"level":"DEBUG","time":"2021-11-28T14:53:51.721+0800","caller":"application/main.go:35","msg":"调试信息:8000"}
{"level":"INFO","time":"2021-11-28T14:53:51.729+0800","caller":"application/main.go:39","msg":"服务端启动...端口：8000"}
{"level":"DEBUG","time":"2021-11-28T15:05:31.799+0800","caller":"application/main.go:35","msg":"调试信息:8000"}
{"level":"INFO","time":"2021-11-28T15:05:31.808+0800","caller":"application/main.go:39","msg":"服务端启动...端口：8000"}
{"level":"DEBUG","time":"2021-11-28T15:12:32.428+0800","caller":"application/main.go:35","msg":"调试信息:8000"}
{"level":"INFO","time":"2021-11-28T15:12:32.435+0800","caller":"application/main.go:39","msg":"服务端启动...端口：8000"}
{"level":"DEBUG","time":"2021-11-28T15:12:33.340+0800","caller":"application/main.go:35","msg":"调试信息:8000"}
{"level":"INFO","time":"2021-11-28T15:12:33.348+0800","caller":"application/main.go:39","msg":"服务端启动...端口：8000"}
{"level":"DEBUG","time":"2021-11-28T15:13:05.148+0800","caller":"application/main.go:35","msg":"调试信息:8000"}
{"level":"INFO","time":"2021-11-28T15:13:05.157+0800","caller":"application/main.go:39","msg":"服务端启动...端口：8000"}
{"level":"INFO","time":"2021-11-28T15:13:53.158+0800","caller":"middleware/logger.go:26","msg":"/api/user/authenticate{status 11 200  <nil>} {method 15 0 POST <nil>} {path 15 0 /api/user/authenticate <nil>} {query 15 0  <nil>} {ip 15 0 127.0.0.1 <nil>} {user-agent 15 0 PostmanRuntime/7.26.8 <nil>} {errors 15 0  <nil>} {cost 8 992800  <nil>}"}
{"level":"DEBUG","time":"2021-11-28T15:45:32.720+0800","caller":"application/main.go:35","msg":"调试信息:8000"}
{"level":"INFO","time":"2021-11-28T15:45:32.729+0800","caller":"application/main.go:39","msg":"服务端启动...端口：8000"}
{"level":"INFO","time":"2021-11-28T15:45:35.205+0800","caller":"middleware/logger.go:26","msg":"/api/user/authenticate{status 11 200  <nil>} {method 15 0 GET <nil>} {path 15 0 /api/user/authenticate <nil>} {query 15 0  <nil>} {ip 15 0 127.0.0.1 <nil>} {user-agent 15 0 Mozilla/5.0 (Windows NT 10.0; Win64; x64) AppleWebKit/537.36 (KHTML, like Gecko) Chrome/96.0.4664.45 Safari/537.36 <nil>} {errors 15 0  <nil>} {cost 8 0  <nil>}"}
{"level":"INFO","time":"2021-11-28T15:50:39.562+0800","caller":"middleware/logger.go:26","msg":"/api/user/authenticate{status 11 200  <nil>} {method 15 0 GET <nil>} {path 15 0 /api/user/authenticate <nil>} {query 15 0  <nil>} {ip 15 0 127.0.0.1 <nil>} {user-agent 15 0 Mozilla/5.0 (Windows NT 10.0; Win64; x64) AppleWebKit/537.36 (KHTML, like Gecko) Chrome/96.0.4664.45 Safari/537.36 <nil>} {errors 15 0  <nil>} {cost 8 0  <nil>}"}
{"level":"DEBUG","time":"2021-11-28T15:51:04.921+0800","caller":"application/main.go:35","msg":"调试信息:8000"}
{"level":"INFO","time":"2021-11-28T15:51:04.929+0800","caller":"application/main.go:39","msg":"服务端启动...端口：8000"}
{"level":"DEBUG","time":"2021-11-28T15:51:05.905+0800","caller":"application/main.go:35","msg":"调试信息:8000"}
{"level":"INFO","time":"2021-11-28T15:51:05.916+0800","caller":"application/main.go:39","msg":"服务端启动...端口：8000"}
{"level":"INFO","time":"2021-11-28T15:51:13.078+0800","caller":"middleware/logger.go:26","msg":"/api/user/authenticate{status 11 200  <nil>} {method 15 0 GET <nil>} {path 15 0 /api/user/authenticate <nil>} {query 15 0  <nil>} {ip 15 0 127.0.0.1 <nil>} {user-agent 15 0 Mozilla/5.0 (Windows NT 10.0; Win64; x64) AppleWebKit/537.36 (KHTML, like Gecko) Chrome/96.0.4664.45 Safari/537.36 <nil>} {errors 15 0  <nil>} {cost 8 516200  <nil>}"}
{"level":"DEBUG","time":"2021-11-28T15:52:52.820+0800","caller":"application/main.go:35","msg":"调试信息:8000"}
{"level":"INFO","time":"2021-11-28T15:52:52.827+0800","caller":"application/main.go:39","msg":"服务端启动...端口：8000"}
{"level":"INFO","time":"2021-11-28T15:52:59.313+0800","caller":"middleware/logger.go:26","msg":"/api/user/authenticate{status 11 200  <nil>} {method 15 0 GET <nil>} {path 15 0 /api/user/authenticate <nil>} {query 15 0  <nil>} {ip 15 0 127.0.0.1 <nil>} {user-agent 15 0 Mozilla/5.0 (Windows NT 10.0; Win64; x64) AppleWebKit/537.36 (KHTML, like Gecko) Chrome/96.0.4664.45 Safari/537.36 <nil>} {errors 15 0  <nil>} {cost 8 0  <nil>}"}
{"level":"DEBUG","time":"2021-11-28T15:54:16.425+0800","caller":"application/main.go:35","msg":"调试信息:8000"}
{"level":"INFO","time":"2021-11-28T15:54:16.433+0800","caller":"application/main.go:39","msg":"服务端启动...端口：8000"}
{"level":"DEBUG","time":"2021-11-28T15:54:17.335+0800","caller":"application/main.go:35","msg":"调试信息:8000"}
{"level":"INFO","time":"2021-11-28T15:54:17.342+0800","caller":"application/main.go:39","msg":"服务端启动...端口：8000"}
{"level":"DEBUG","time":"2021-11-28T16:01:23.996+0800","caller":"application/main.go:35","msg":"调试信息:8000"}
{"level":"INFO","time":"2021-11-28T16:01:24.006+0800","caller":"application/main.go:39","msg":"服务端启动...端口：8000"}
{"level":"DEBUG","time":"2021-11-28T16:01:26.472+0800","caller":"application/main.go:35","msg":"调试信息:8000"}
{"level":"INFO","time":"2021-11-28T16:01:26.482+0800","caller":"application/main.go:39","msg":"服务端启动...端口：8000"}
{"level":"DEBUG","time":"2021-11-28T16:04:07.054+0800","caller":"application/main.go:35","msg":"调试信息:8000"}
{"level":"INFO","time":"2021-11-28T16:04:07.061+0800","caller":"application/main.go:39","msg":"服务端启动...端口：8000"}
{"level":"DEBUG","time":"2021-11-28T16:04:58.708+0800","caller":"application/main.go:35","msg":"调试信息:8000"}
{"level":"INFO","time":"2021-11-28T16:04:58.715+0800","caller":"application/main.go:39","msg":"服务端启动...端口：8000"}
{"level":"DEBUG","time":"2021-11-28T16:05:11.671+0800","caller":"application/main.go:35","msg":"调试信息:8000"}
{"level":"INFO","time":"2021-11-28T16:05:11.679+0800","caller":"application/main.go:39","msg":"服务端启动...端口：8000"}
{"level":"DEBUG","time":"2021-11-28T16:05:14.567+0800","caller":"application/main.go:35","msg":"调试信息:8000"}
{"level":"INFO","time":"2021-11-28T16:05:14.575+0800","caller":"application/main.go:39","msg":"服务端启动...端口：8000"}
{"level":"DEBUG","time":"2021-11-28T16:05:20.081+0800","caller":"application/main.go:35","msg":"调试信息:8000"}
{"level":"INFO","time":"2021-11-28T16:05:20.087+0800","caller":"application/main.go:39","msg":"服务端启动...端口：8000"}
{"level":"DEBUG","time":"2021-11-28T16:05:45.814+0800","caller":"application/main.go:35","msg":"调试信息:8000"}
{"level":"INFO","time":"2021-11-28T16:05:45.820+0800","caller":"application/main.go:39","msg":"服务端启动...端口：8000"}
{"level":"DEBUG","time":"2021-11-28T16:05:56.211+0800","caller":"application/main.go:35","msg":"调试信息:8000"}
{"level":"INFO","time":"2021-11-28T16:05:56.218+0800","caller":"application/main.go:39","msg":"服务端启动...端口：8000"}
{"level":"DEBUG","time":"2021-11-28T16:06:26.729+0800","caller":"application/main.go:35","msg":"调试信息:8000"}
{"level":"INFO","time":"2021-11-28T16:06:26.736+0800","caller":"application/main.go:39","msg":"服务端启动...端口：8000"}
{"level":"DEBUG","time":"2021-11-28T16:06:50.500+0800","caller":"application/main.go:35","msg":"调试信息:8000"}
{"level":"INFO","time":"2021-11-28T16:06:50.506+0800","caller":"application/main.go:39","msg":"服务端启动...端口：8000"}
{"level":"DEBUG","time":"2021-11-28T16:07:24.270+0800","caller":"application/main.go:35","msg":"调试信息:8000"}
{"level":"INFO","time":"2021-11-28T16:07:24.277+0800","caller":"application/main.go:39","msg":"服务端启动...端口：8000"}
{"level":"DEBUG","time":"2021-11-28T16:07:43.292+0800","caller":"application/main.go:35","msg":"调试信息:8000"}
{"level":"INFO","time":"2021-11-28T16:07:43.298+0800","caller":"application/main.go:39","msg":"服务端启动...端口：8000"}
{"level":"DEBUG","time":"2021-11-28T16:08:00.109+0800","caller":"application/main.go:35","msg":"调试信息:8000"}
{"level":"INFO","time":"2021-11-28T16:08:00.115+0800","caller":"application/main.go:39","msg":"服务端启动...端口：8000"}
{"level":"DEBUG","time":"2021-11-28T16:08:20.121+0800","caller":"application/main.go:35","msg":"调试信息:8000"}
{"level":"INFO","time":"2021-11-28T16:08:20.133+0800","caller":"application/main.go:39","msg":"服务端启动...端口：8000"}
{"level":"DEBUG","time":"2021-11-28T16:08:56.274+0800","caller":"application/main.go:35","msg":"调试信息:8000"}
{"level":"INFO","time":"2021-11-28T16:08:56.281+0800","caller":"application/main.go:39","msg":"服务端启动...端口：8000"}
{"level":"DEBUG","time":"2021-11-28T16:09:02.952+0800","caller":"application/main.go:35","msg":"调试信息:8000"}
{"level":"INFO","time":"2021-11-28T16:09:02.960+0800","caller":"application/main.go:39","msg":"服务端启动...端口：8000"}
{"level":"DEBUG","time":"2021-11-28T16:09:10.261+0800","caller":"application/main.go:35","msg":"调试信息:8000"}
{"level":"INFO","time":"2021-11-28T16:09:10.269+0800","caller":"application/main.go:39","msg":"服务端启动...端口：8000"}
{"level":"DEBUG","time":"2021-11-28T16:09:13.901+0800","caller":"application/main.go:35","msg":"调试信息:8000"}
{"level":"INFO","time":"2021-11-28T16:09:13.909+0800","caller":"application/main.go:39","msg":"服务端启动...端口：8000"}
{"level":"DEBUG","time":"2021-11-28T16:13:04.543+0800","caller":"application/main.go:35","msg":"调试信息:8000"}
{"level":"INFO","time":"2021-11-28T16:13:04.551+0800","caller":"application/main.go:39","msg":"服务端启动...端口：8000"}
{"level":"DEBUG","time":"2021-11-28T16:13:05.466+0800","caller":"application/main.go:35","msg":"调试信息:8000"}
{"level":"INFO","time":"2021-11-28T16:13:05.474+0800","caller":"application/main.go:39","msg":"服务端启动...端口：8000"}
{"level":"DEBUG","time":"2021-11-28T16:13:26.902+0800","caller":"application/main.go:35","msg":"调试信息:8000"}
{"level":"INFO","time":"2021-11-28T16:13:26.910+0800","caller":"application/main.go:39","msg":"服务端启动...端口：8000"}
{"level":"DEBUG","time":"2021-11-28T16:13:58.473+0800","caller":"application/main.go:35","msg":"调试信息:8000"}
{"level":"INFO","time":"2021-11-28T16:13:58.480+0800","caller":"application/main.go:39","msg":"服务端启动...端口：8000"}
{"level":"DEBUG","time":"2021-11-28T16:19:24.409+0800","caller":"application/main.go:35","msg":"调试信息:8000"}
{"level":"INFO","time":"2021-11-28T16:19:24.418+0800","caller":"application/main.go:39","msg":"服务端启动...端口：8000"}
{"level":"DEBUG","time":"2021-11-28T16:20:04.446+0800","caller":"application/main.go:35","msg":"调试信息:8000"}
{"level":"INFO","time":"2021-11-28T16:20:04.452+0800","caller":"application/main.go:39","msg":"服务端启动...端口：8000"}
{"level":"DEBUG","time":"2021-11-28T16:20:54.525+0800","caller":"application/main.go:35","msg":"调试信息:8000"}
{"level":"INFO","time":"2021-11-28T16:20:54.532+0800","caller":"application/main.go:39","msg":"服务端启动...端口：8000"}
{"level":"DEBUG","time":"2021-11-28T16:21:36.445+0800","caller":"application/main.go:35","msg":"调试信息:8000"}
{"level":"INFO","time":"2021-11-28T16:21:36.452+0800","caller":"application/main.go:39","msg":"服务端启动...端口：8000"}
{"level":"INFO","time":"2021-11-28T16:24:21.583+0800","caller":"middleware/logger.go:26","msg":"/api/user/authenticate{status 11 200  <nil>} {method 15 0 POST <nil>} {path 15 0 /api/user/authenticate <nil>} {query 15 0  <nil>} {ip 15 0 127.0.0.1 <nil>} {user-agent 15 0 PostmanRuntime/7.26.8 <nil>} {errors 15 0  <nil>} {cost 8 1222700  <nil>}"}
{"level":"DEBUG","time":"2021-11-28T16:50:27.969+0800","caller":"application/main.go:35","msg":"调试信息:8000"}
{"level":"INFO","time":"2021-11-28T16:50:27.978+0800","caller":"application/main.go:39","msg":"服务端启动...端口：8000"}
{"level":"INFO","time":"2021-11-28T16:50:30.054+0800","caller":"middleware/logger.go:26","msg":"/api/user/authenticate{status 11 200  <nil>} {method 15 0 POST <nil>} {path 15 0 /api/user/authenticate <nil>} {query 15 0  <nil>} {ip 15 0 127.0.0.1 <nil>} {user-agent 15 0 PostmanRuntime/7.26.8 <nil>} {errors 15 0  <nil>} {cost 8 0  <nil>}"}
{"level":"DEBUG","time":"2021-11-28T16:50:41.028+0800","caller":"application/main.go:35","msg":"调试信息:8000"}
{"level":"INFO","time":"2021-11-28T16:50:41.035+0800","caller":"application/main.go:39","msg":"服务端启动...端口：8000"}
{"level":"INFO","time":"2021-11-28T16:50:45.695+0800","caller":"middleware/logger.go:26","msg":"/api/user/authenticate{status 11 200  <nil>} {method 15 0 POST <nil>} {path 15 0 /api/user/authenticate <nil>} {query 15 0  <nil>} {ip 15 0 127.0.0.1 <nil>} {user-agent 15 0 PostmanRuntime/7.26.8 <nil>} {errors 15 0  <nil>} {cost 8 1001200  <nil>}"}
{"level":"DEBUG","time":"2021-11-28T16:51:25.885+0800","caller":"application/main.go:35","msg":"调试信息:8000"}
{"level":"INFO","time":"2021-11-28T16:51:25.893+0800","caller":"application/main.go:39","msg":"服务端启动...端口：8000"}
{"level":"DEBUG","time":"2021-11-28T16:51:26.909+0800","caller":"application/main.go:35","msg":"调试信息:8000"}
{"level":"INFO","time":"2021-11-28T16:51:26.918+0800","caller":"application/main.go:39","msg":"服务端启动...端口：8000"}
{"level":"INFO","time":"2021-11-28T16:51:28.488+0800","caller":"middleware/logger.go:26","msg":"/api/user/authenticate{status 11 200  <nil>} {method 15 0 POST <nil>} {path 15 0 /api/user/authenticate <nil>} {query 15 0  <nil>} {ip 15 0 127.0.0.1 <nil>} {user-agent 15 0 PostmanRuntime/7.26.8 <nil>} {errors 15 0  <nil>} {cost 8 533200  <nil>}"}
{"level":"DEBUG","time":"2021-11-28T16:51:52.571+0800","caller":"application/main.go:35","msg":"调试信息:8000"}
{"level":"INFO","time":"2021-11-28T16:51:52.579+0800","caller":"application/main.go:39","msg":"服务端启动...端口：8000"}
{"level":"INFO","time":"2021-11-28T16:51:57.214+0800","caller":"middleware/logger.go:26","msg":"/api/user/authenticate{status 11 200  <nil>} {method 15 0 POST <nil>} {path 15 0 /api/user/authenticate <nil>} {query 15 0  <nil>} {ip 15 0 127.0.0.1 <nil>} {user-agent 15 0 PostmanRuntime/7.26.8 <nil>} {errors 15 0  <nil>} {cost 8 518800  <nil>}"}
{"level":"DEBUG","time":"2021-11-28T16:52:40.694+0800","caller":"application/main.go:35","msg":"调试信息:8000"}
{"level":"INFO","time":"2021-11-28T16:52:40.702+0800","caller":"application/main.go:39","msg":"服务端启动...端口：8000"}
{"level":"DEBUG","time":"2021-11-28T16:52:48.093+0800","caller":"application/main.go:35","msg":"调试信息:8000"}
{"level":"INFO","time":"2021-11-28T16:52:48.101+0800","caller":"application/main.go:39","msg":"服务端启动...端口：8000"}
{"level":"DEBUG","time":"2021-11-28T16:52:50.861+0800","caller":"application/main.go:35","msg":"调试信息:8000"}
{"level":"INFO","time":"2021-11-28T16:52:50.869+0800","caller":"application/main.go:39","msg":"服务端启动...端口：8000"}
{"level":"INFO","time":"2021-11-28T16:52:52.028+0800","caller":"middleware/logger.go:26","msg":"/api/user/authenticate{status 11 200  <nil>} {method 15 0 POST <nil>} {path 15 0 /api/user/authenticate <nil>} {query 15 0  <nil>} {ip 15 0 127.0.0.1 <nil>} {user-agent 15 0 PostmanRuntime/7.26.8 <nil>} {errors 15 0  <nil>} {cost 8 274500  <nil>}"}
{"level":"DEBUG","time":"2021-11-28T16:52:57.978+0800","caller":"application/main.go:35","msg":"调试信息:8000"}
{"level":"INFO","time":"2021-11-28T16:52:57.985+0800","caller":"application/main.go:39","msg":"服务端启动...端口：8000"}
{"level":"DEBUG","time":"2021-11-28T16:52:58.883+0800","caller":"application/main.go:35","msg":"调试信息:8000"}
{"level":"INFO","time":"2021-11-28T16:52:58.892+0800","caller":"application/main.go:39","msg":"服务端启动...端口：8000"}
{"level":"DEBUG","time":"2021-11-28T16:53:01.062+0800","caller":"application/main.go:35","msg":"调试信息:8000"}
{"level":"INFO","time":"2021-11-28T16:53:01.070+0800","caller":"application/main.go:39","msg":"服务端启动...端口：8000"}
{"level":"INFO","time":"2021-11-28T16:53:02.520+0800","caller":"middleware/logger.go:26","msg":"/api/user/authenticate{status 11 200  <nil>} {method 15 0 POST <nil>} {path 15 0 /api/user/authenticate <nil>} {query 15 0  <nil>} {ip 15 0 127.0.0.1 <nil>} {user-agent 15 0 PostmanRuntime/7.26.8 <nil>} {errors 15 0  <nil>} {cost 8 1074600  <nil>}"}
{"level":"DEBUG","time":"2021-11-28T16:53:08.076+0800","caller":"application/main.go:35","msg":"调试信息:8000"}
{"level":"INFO","time":"2021-11-28T16:53:08.085+0800","caller":"application/main.go:39","msg":"服务端启动...端口：8000"}
{"level":"DEBUG","time":"2021-11-28T16:53:09.858+0800","caller":"application/main.go:35","msg":"调试信息:8000"}
{"level":"INFO","time":"2021-11-28T16:53:09.871+0800","caller":"application/main.go:39","msg":"服务端启动...端口：8000"}
{"level":"INFO","time":"2021-11-28T16:53:10.590+0800","caller":"middleware/logger.go:26","msg":"/api/user/authenticate{status 11 200  <nil>} {method 15 0 POST <nil>} {path 15 0 /api/user/authenticate <nil>} {query 15 0  <nil>} {ip 15 0 127.0.0.1 <nil>} {user-agent 15 0 PostmanRuntime/7.26.8 <nil>} {errors 15 0  <nil>} {cost 8 522300  <nil>}"}
{"level":"DEBUG","time":"2021-11-28T16:53:10.858+0800","caller":"application/main.go:35","msg":"调试信息:8000"}
{"level":"INFO","time":"2021-11-28T16:53:10.867+0800","caller":"application/main.go:39","msg":"服务端启动...端口：8000"}
{"level":"DEBUG","time":"2021-11-28T16:53:16.409+0800","caller":"application/main.go:35","msg":"调试信息:8000"}
{"level":"INFO","time":"2021-11-28T16:53:16.420+0800","caller":"application/main.go:39","msg":"服务端启动...端口：8000"}
{"level":"DEBUG","time":"2021-11-28T16:53:18.315+0800","caller":"application/main.go:35","msg":"调试信息:8000"}
{"level":"INFO","time":"2021-11-28T16:53:18.322+0800","caller":"application/main.go:39","msg":"服务端启动...端口：8000"}
{"level":"INFO","time":"2021-11-28T16:53:19.190+0800","caller":"middleware/logger.go:26","msg":"/api/user/authenticate{status 11 200  <nil>} {method 15 0 POST <nil>} {path 15 0 /api/user/authenticate <nil>} {query 15 0  <nil>} {ip 15 0 127.0.0.1 <nil>} {user-agent 15 0 PostmanRuntime/7.26.8 <nil>} {errors 15 0  <nil>} {cost 8 902800  <nil>}"}
{"level":"DEBUG","time":"2021-11-28T16:53:27.822+0800","caller":"application/main.go:35","msg":"调试信息:8000"}
{"level":"INFO","time":"2021-11-28T16:53:27.831+0800","caller":"application/main.go:39","msg":"服务端启动...端口：8000"}
{"level":"DEBUG","time":"2021-11-28T16:53:29.518+0800","caller":"application/main.go:35","msg":"调试信息:8000"}
{"level":"INFO","time":"2021-11-28T16:53:29.525+0800","caller":"application/main.go:39","msg":"服务端启动...端口：8000"}
{"level":"INFO","time":"2021-11-28T16:53:34.236+0800","caller":"middleware/logger.go:26","msg":"/api/user/authenticate{status 11 200  <nil>} {method 15 0 POST <nil>} {path 15 0 /api/user/authenticate <nil>} {query 15 0  <nil>} {ip 15 0 127.0.0.1 <nil>} {user-agent 15 0 PostmanRuntime/7.26.8 <nil>} {errors 15 0  <nil>} {cost 8 988700  <nil>}"}
{"level":"DEBUG","time":"2021-11-28T16:53:42.415+0800","caller":"application/main.go:35","msg":"调试信息:8000"}
{"level":"INFO","time":"2021-11-28T16:53:42.423+0800","caller":"application/main.go:39","msg":"服务端启动...端口：8000"}
{"level":"INFO","time":"2021-11-28T16:53:44.543+0800","caller":"middleware/logger.go:26","msg":"/api/user/authenticate{status 11 200  <nil>} {method 15 0 POST <nil>} {path 15 0 /api/user/authenticate <nil>} {query 15 0  <nil>} {ip 15 0 127.0.0.1 <nil>} {user-agent 15 0 PostmanRuntime/7.26.8 <nil>} {errors 15 0  <nil>} {cost 8 0  <nil>}"}
{"level":"DEBUG","time":"2021-11-28T16:53:51.608+0800","caller":"application/main.go:35","msg":"调试信息:8000"}
{"level":"INFO","time":"2021-11-28T16:53:51.617+0800","caller":"application/main.go:39","msg":"服务端启动...端口：8000"}
{"level":"DEBUG","time":"2021-11-28T16:53:52.550+0800","caller":"application/main.go:35","msg":"调试信息:8000"}
{"level":"INFO","time":"2021-11-28T16:53:52.558+0800","caller":"application/main.go:39","msg":"服务端启动...端口：8000"}
{"level":"INFO","time":"2021-11-28T16:53:54.781+0800","caller":"middleware/logger.go:26","msg":"/api/user/authenticate{status 11 200  <nil>} {method 15 0 POST <nil>} {path 15 0 /api/user/authenticate <nil>} {query 15 0  <nil>} {ip 15 0 127.0.0.1 <nil>} {user-agent 15 0 PostmanRuntime/7.26.8 <nil>} {errors 15 0  <nil>} {cost 8 572000  <nil>}"}
{"level":"DEBUG","time":"2021-11-28T16:54:00.002+0800","caller":"application/main.go:35","msg":"调试信息:8000"}
{"level":"INFO","time":"2021-11-28T16:54:00.012+0800","caller":"application/main.go:39","msg":"服务端启动...端口：8000"}
{"level":"DEBUG","time":"2021-11-28T16:54:10.273+0800","caller":"application/main.go:35","msg":"调试信息:8000"}
{"level":"INFO","time":"2021-11-28T16:54:10.280+0800","caller":"application/main.go:39","msg":"服务端启动...端口：8000"}
{"level":"DEBUG","time":"2021-11-28T16:54:11.196+0800","caller":"application/main.go:35","msg":"调试信息:8000"}
{"level":"INFO","time":"2021-11-28T16:54:11.202+0800","caller":"application/main.go:39","msg":"服务端启动...端口：8000"}
{"level":"INFO","time":"2021-11-28T16:54:14.104+0800","caller":"middleware/logger.go:26","msg":"/api/user/authenticate{status 11 200  <nil>} {method 15 0 POST <nil>} {path 15 0 /api/user/authenticate <nil>} {query 15 0  <nil>} {ip 15 0 127.0.0.1 <nil>} {user-agent 15 0 PostmanRuntime/7.26.8 <nil>} {errors 15 0  <nil>} {cost 8 998300  <nil>}"}
{"level":"INFO","time":"2021-11-28T16:54:15.505+0800","caller":"middleware/logger.go:26","msg":"/api/user/authenticate{status 11 200  <nil>} {method 15 0 POST <nil>} {path 15 0 /api/user/authenticate <nil>} {query 15 0  <nil>} {ip 15 0 127.0.0.1 <nil>} {user-agent 15 0 PostmanRuntime/7.26.8 <nil>} {errors 15 0  <nil>} {cost 8 363100  <nil>}"}
{"level":"DEBUG","time":"2021-11-28T16:54:20.280+0800","caller":"application/main.go:35","msg":"调试信息:8000"}
{"level":"INFO","time":"2021-11-28T16:54:20.290+0800","caller":"application/main.go:39","msg":"服务端启动...端口：8000"}
{"level":"DEBUG","time":"2021-11-28T16:54:21.887+0800","caller":"application/main.go:35","msg":"调试信息:8000"}
{"level":"INFO","time":"2021-11-28T16:54:21.894+0800","caller":"application/main.go:39","msg":"服务端启动...端口：8000"}
{"level":"DEBUG","time":"2021-11-28T16:54:23.511+0800","caller":"application/main.go:35","msg":"调试信息:8000"}
{"level":"INFO","time":"2021-11-28T16:54:23.518+0800","caller":"application/main.go:39","msg":"服务端启动...端口：8000"}
{"level":"DEBUG","time":"2021-11-28T16:54:26.719+0800","caller":"application/main.go:35","msg":"调试信息:8000"}
{"level":"INFO","time":"2021-11-28T16:54:26.727+0800","caller":"application/main.go:39","msg":"服务端启动...端口：8000"}
{"level":"DEBUG","time":"2021-11-28T16:54:27.658+0800","caller":"application/main.go:35","msg":"调试信息:8000"}
{"level":"INFO","time":"2021-11-28T16:54:27.665+0800","caller":"application/main.go:39","msg":"服务端启动...端口：8000"}
{"level":"DEBUG","time":"2021-11-28T16:54:39.969+0800","caller":"application/main.go:35","msg":"调试信息:8000"}
{"level":"INFO","time":"2021-11-28T16:54:39.976+0800","caller":"application/main.go:39","msg":"服务端启动...端口：8000"}
{"level":"INFO","time":"2021-11-28T16:54:41.161+0800","caller":"middleware/logger.go:26","msg":"/api/user/authenticate{status 11 200  <nil>} {method 15 0 POST <nil>} {path 15 0 /api/user/authenticate <nil>} {query 15 0  <nil>} {ip 15 0 127.0.0.1 <nil>} {user-agent 15 0 PostmanRuntime/7.26.8 <nil>} {errors 15 0  <nil>} {cost 8 865700  <nil>}"}
{"level":"DEBUG","time":"2021-11-28T16:55:06.558+0800","caller":"application/main.go:35","msg":"调试信息:8000"}
{"level":"INFO","time":"2021-11-28T16:55:06.565+0800","caller":"application/main.go:39","msg":"服务端启动...端口：8000"}
{"level":"DEBUG","time":"2021-11-28T16:55:41.596+0800","caller":"application/main.go:35","msg":"调试信息:8000"}
{"level":"INFO","time":"2021-11-28T16:55:41.605+0800","caller":"application/main.go:39","msg":"服务端启动...端口：8000"}
{"level":"DEBUG","time":"2021-11-28T16:55:43.956+0800","caller":"services/user.go:27","msg":"\n\n123123\n\n"}
{"level":"INFO","time":"2021-11-28T16:55:43.961+0800","caller":"middleware/logger.go:26","msg":"/api/user/authenticate{status 11 201  <nil>} {method 15 0 POST <nil>} {path 15 0 /api/user/authenticate <nil>} {query 15 0  <nil>} {ip 15 0 127.0.0.1 <nil>} {user-agent 15 0 PostmanRuntime/7.26.8 <nil>} {errors 15 0  <nil>} {cost 8 6237200  <nil>}"}
{"level":"DEBUG","time":"2021-11-28T16:55:52.655+0800","caller":"application/main.go:35","msg":"调试信息:8000"}
{"level":"INFO","time":"2021-11-28T16:55:52.663+0800","caller":"application/main.go:39","msg":"服务端启动...端口：8000"}
{"level":"INFO","time":"2021-11-28T16:55:54.687+0800","caller":"middleware/logger.go:26","msg":"/api/user/authenticate{status 11 200  <nil>} {method 15 0 POST <nil>} {path 15 0 /api/user/authenticate <nil>} {query 15 0  <nil>} {ip 15 0 127.0.0.1 <nil>} {user-agent 15 0 PostmanRuntime/7.26.8 <nil>} {errors 15 0  <nil>} {cost 8 0  <nil>}"}
{"level":"DEBUG","time":"2021-11-28T16:56:01.384+0800","caller":"application/main.go:35","msg":"调试信息:8000"}
{"level":"INFO","time":"2021-11-28T16:56:01.392+0800","caller":"application/main.go:39","msg":"服务端启动...端口：8000"}
{"level":"DEBUG","time":"2021-11-28T16:56:03.929+0800","caller":"services/user.go:27","msg":"\n\n123123\n\n"}
{"level":"INFO","time":"2021-11-28T16:56:03.933+0800","caller":"middleware/logger.go:26","msg":"/api/user/authenticate{status 11 201  <nil>} {method 15 0 POST <nil>} {path 15 0 /api/user/authenticate <nil>} {query 15 0  <nil>} {ip 15 0 127.0.0.1 <nil>} {user-agent 15 0 PostmanRuntime/7.26.8 <nil>} {errors 15 0  <nil>} {cost 8 4552800  <nil>}"}
